<?xml version="1.0" encoding="UTF-8"?>
<testsuite xmlns:xsi="http://www.w3.org/2001/XMLSchema-instance" xsi:noNamespaceSchemaLocation="https://maven.apache.org/surefire/maven-surefire-plugin/xsd/surefire-test-report-3.0.xsd" version="3.0" name="com.example.banktransaction.performance.TransactionPerformanceTest" time="0.0" tests="3" errors="0" skipped="3" failures="0">
  <properties>
[...]
</properties>
  <testcase name="testBatchCreateTransactions" classname="com.example.banktransaction.performance.TransactionPerformanceTest" time="0.0">
    <skipped message="性能测试应该在需要时手动运行"/>
  </testcase>
  <testcase name="testConcurrentQueries" classname="com.example.banktransaction.performance.TransactionPerformanceTest" time="0.0">
    <skipped message="性能测试应该在需要时手动运行"/>
  </testcase>
  <testcase name="testCachePerformance" classname="com.example.banktransaction.performance.TransactionPerformanceTest" time="0.0">
    <skipped message="性能测试应该在需要时手动运行"/>
  </testcase>
</testsuite>