<?xml version="1.0" encoding="UTF-8"?>
<testsuite xmlns:xsi="http://www.w3.org/2001/XMLSchema-instance" xsi:noNamespaceSchemaLocation="https://maven.apache.org/surefire/maven-surefire-plugin/xsd/surefire-test-report-3.0.xsd" version="3.0" name="com.example.banktransaction.controller.TransactionApiControllerTest" time="3.1" tests="6" errors="0" skipped="0" failures="0">
  <properties>
[...]
</properties>
  <testcase name="testUpdateTransaction" classname="com.example.banktransaction.controller.TransactionApiControllerTest" time="0.301">
    <system-out><![CDATA[22:02:34.429 [main] INFO org.springframework.test.context.support.AnnotationConfigContextLoaderUtils -- Could not detect default configuration classes for test class [com.example.banktransaction.controller.TransactionApiControllerTest]: TransactionApiControllerTest does not declare any static, non-private, non-final, nested classes annotated with @Configuration.
22:02:34.544 [main] INFO org.springframework.boot.test.context.SpringBootTestContextBootstrapper -- Found @SpringBootConfiguration com.example.banktransaction.BankTransactionApplication for test class com.example.banktransaction.controller.TransactionApiControllerTest
22:02:34.605 [main] INFO org.springframework.boot.devtools.restart.RestartApplicationListener -- Restart disabled due to context in which it is running

  .   ____          _            __ _ _
 /\\ / ___'_ __ _ _(_)_ __  __ _ \ \ \ \
( ( )\___ | '_ | '_| | '_ \/ _` | \ \ \ \
 \\/  ___)| |_)| | | | | || (_| |  ) ) ) )
  '  |____| .__|_| |_|_| |_\__, | / / / /
 =========|_|==============|___/=/_/_/_/
 :: Spring Boot ::                (v3.2.3)

2025-05-20 22:02:34 [main] INFO  c.e.b.c.TransactionApiControllerTest - Starting TransactionApiControllerTest using Java 21.0.7 with PID 58731 (started by biwysh in /Users/biwysh/Documents/mt)
 2025-05-20 22:02:34 [main] DEBUG c.e.b.c.TransactionApiControllerTest - Running with Spring Boot v3.2.3, Spring v6.1.4
 2025-05-20 22:02:34 [main] INFO  c.e.b.c.TransactionApiControllerTest - No active profile set, falling back to 1 default profile: "default"
 2025-05-20 22:02:36 [main] INFO  o.s.b.t.m.w.SpringBootMockServletContext - Initializing Spring TestDispatcherServlet ''
 2025-05-20 22:02:36 [main] INFO  o.s.t.w.s.TestDispatcherServlet - Initializing Servlet ''
 2025-05-20 22:02:36 [main] INFO  o.s.t.w.s.TestDispatcherServlet - Completed initialization in 1 ms
 2025-05-20 22:02:36 [main] INFO  c.e.b.c.TransactionApiControllerTest - Started TransactionApiControllerTest in 2.389 seconds (process running for 3.249)
 ]]></system-out>
    <system-err><![CDATA[WARNING: A Java agent has been loaded dynamically (/Users/biwysh/.m2/repository/net/bytebuddy/byte-buddy-agent/1.14.12/byte-buddy-agent-1.14.12.jar)
WARNING: If a serviceability tool is in use, please run with -XX:+EnableDynamicAgentLoading to hide this warning
WARNING: If a serviceability tool is not in use, please run with -Djdk.instrument.traceUsage for more information
WARNING: Dynamic loading of agents will be disallowed by default in a future release
]]></system-err>
  </testcase>
  <testcase name="testDeleteTransaction" classname="com.example.banktransaction.controller.TransactionApiControllerTest" time="0.009"/>
  <testcase name="testGetTransaction" classname="com.example.banktransaction.controller.TransactionApiControllerTest" time="0.007"/>
  <testcase name="testCreateTransaction" classname="com.example.banktransaction.controller.TransactionApiControllerTest" time="0.01"/>
  <testcase name="testGetTransactionNotFound" classname="com.example.banktransaction.controller.TransactionApiControllerTest" time="0.012">
    <system-out><![CDATA[2025-05-20 22:02:37 [main] ERROR c.e.b.e.GlobalExceptionHandler - 交易异常: 交易记录不存在
 ]]></system-out>
  </testcase>
  <testcase name="testQueryTransactions" classname="com.example.banktransaction.controller.TransactionApiControllerTest" time="0.017"/>
</testsuite>